<?xml version="1.0" encoding="UTF-8"?>
<!-- Generated by org.testng.reporters.JUnitXMLReporter -->
<testsuite ignored="1" hostname="DESKTOP-KIS4N2E" failures="0" tests="1" name="Default test(failed)" time="0.942" errors="0" timestamp="2023-05-02T19:12:02 IST">
  <testcase classname="testNgStudy.TimeOutEnabled" name="bookBus" time="0.911"/>
  <testcase classname="testNgStudy.TimeOutEnabled" name="payment" time="0.0">
    <ignored/>
  </testcase> <!-- payment -->
</testsuite> <!-- Default test(failed) -->
