<?xml version="1.0" encoding="UTF-8"?>
<testng-results ignored="0" total="3" passed="3" failed="0" skipped="0">
  <reporter-output>
  </reporter-output>
  <suite started-at="2022-12-28T08:38:26 IST" name="Default suite" finished-at="2022-12-28T08:39:08 IST" duration-ms="41983">
    <groups>
    </groups>
    <test started-at="2022-12-28T08:38:26 IST" name="Default test" finished-at="2022-12-28T08:39:08 IST" duration-ms="41983">
      <class name="Module1_Login_Test.SwagLabLoginTest1">
        <test-method is-config="true" signature="openBrowser()[pri:0, instance:Module1_Login_Test.SwagLabLoginTest1@12aba8be]" started-at="2022-12-28T08:38:26 IST" name="openBrowser" finished-at="2022-12-28T08:38:30 IST" duration-ms="3937" status="PASS">
          <reporter-output>
          </reporter-output>
        </test-method> <!-- openBrowser -->
        <test-method is-config="true" signature="loginToApp()[pri:0, instance:Module1_Login_Test.SwagLabLoginTest1@12aba8be]" started-at="2022-12-28T08:38:30 IST" name="loginToApp" finished-at="2022-12-28T08:38:33 IST" duration-ms="3364" status="PASS">
          <reporter-output>
          </reporter-output>
        </test-method> <!-- loginToApp -->
        <test-method signature="verifyLogo()[pri:1, instance:Module1_Login_Test.SwagLabLoginTest1@12aba8be]" started-at="2022-12-28T08:38:33 IST" name="verifyLogo" finished-at="2022-12-28T08:38:36 IST" duration-ms="3097" status="PASS">
          <reporter-output>
          </reporter-output>
        </test-method> <!-- verifyLogo -->
        <test-method is-config="true" signature="logoutFromApp()[pri:0, instance:Module1_Login_Test.SwagLabLoginTest1@12aba8be]" started-at="2022-12-28T08:38:36 IST" name="logoutFromApp" finished-at="2022-12-28T08:38:40 IST" duration-ms="4166" status="PASS">
          <reporter-output>
          </reporter-output>
        </test-method> <!-- logoutFromApp -->
        <test-method is-config="true" signature="loginToApp()[pri:0, instance:Module1_Login_Test.SwagLabLoginTest1@12aba8be]" started-at="2022-12-28T08:38:40 IST" name="loginToApp" finished-at="2022-12-28T08:38:44 IST" duration-ms="3319" status="PASS">
          <reporter-output>
          </reporter-output>
        </test-method> <!-- loginToApp -->
        <test-method signature="verifyAddToCartOptionCovertToRemove()[pri:2, instance:Module1_Login_Test.SwagLabLoginTest1@12aba8be]" started-at="2022-12-28T08:38:44 IST" name="verifyAddToCartOptionCovertToRemove" finished-at="2022-12-28T08:38:49 IST" duration-ms="5367" status="PASS">
          <reporter-output>
          </reporter-output>
        </test-method> <!-- verifyAddToCartOptionCovertToRemove -->
        <test-method is-config="true" signature="logoutFromApp()[pri:0, instance:Module1_Login_Test.SwagLabLoginTest1@12aba8be]" started-at="2022-12-28T08:38:49 IST" name="logoutFromApp" finished-at="2022-12-28T08:38:53 IST" duration-ms="4147" status="PASS">
          <reporter-output>
          </reporter-output>
        </test-method> <!-- logoutFromApp -->
        <test-method is-config="true" signature="loginToApp()[pri:0, instance:Module1_Login_Test.SwagLabLoginTest1@12aba8be]" started-at="2022-12-28T08:38:53 IST" name="loginToApp" finished-at="2022-12-28T08:38:56 IST" duration-ms="3324" status="PASS">
          <reporter-output>
          </reporter-output>
        </test-method> <!-- loginToApp -->
        <test-method signature="verifyProductAddedToCart()[pri:3, instance:Module1_Login_Test.SwagLabLoginTest1@12aba8be]" started-at="2022-12-28T08:38:56 IST" name="verifyProductAddedToCart" finished-at="2022-12-28T08:39:03 IST" duration-ms="6281" status="PASS">
          <reporter-output>
          </reporter-output>
        </test-method> <!-- verifyProductAddedToCart -->
        <test-method is-config="true" signature="logoutFromApp()[pri:0, instance:Module1_Login_Test.SwagLabLoginTest1@12aba8be]" started-at="2022-12-28T08:39:03 IST" name="logoutFromApp" finished-at="2022-12-28T08:39:07 IST" duration-ms="4157" status="PASS">
          <reporter-output>
          </reporter-output>
        </test-method> <!-- logoutFromApp -->
        <test-method is-config="true" signature="closeBrowser()[pri:0, instance:Module1_Login_Test.SwagLabLoginTest1@12aba8be]" started-at="2022-12-28T08:39:07 IST" name="closeBrowser" finished-at="2022-12-28T08:39:08 IST" duration-ms="781" status="PASS">
          <reporter-output>
          </reporter-output>
        </test-method> <!-- closeBrowser -->
      </class> <!-- Module1_Login_Test.SwagLabLoginTest1 -->
    </test> <!-- Default test -->
  </suite> <!-- Default suite -->
</testng-results>
