<?xml version="1.0" encoding="UTF-8"?>
<!-- Generated by org.testng.reporters.JUnitXMLReporter -->
<testsuite ignored="0" hostname="Sanju" failures="0" tests="3" name="Default test" time="41.983" errors="0" timestamp="2022-12-28T08:39:08 IST">
  <testcase classname="Module1_Login_Test.SwagLabLoginTest1" name="verifyLogo" time="3.097"/>
  <testcase classname="Module1_Login_Test.SwagLabLoginTest1" name="verifyAddToCartOptionCovertToRemove" time="5.367"/>
  <testcase classname="Module1_Login_Test.SwagLabLoginTest1" name="verifyProductAddedToCart" time="6.281"/>
</testsuite> <!-- Default test -->
